<?xml version="1.0" encoding="UTF-8"?>
<!-- Generated by org.testng.reporters.JUnitReportReporter -->
<testsuite skipped="0" hostname="DESKTOP-OQ3P6LF" name="practiceTestNG.SeleniumTestsChrome" tests="2" failures="0" timestamp="15 Oct 2022 04:05:22 GMT" time="0.030" errors="0">
  <testcase name="replyToEmail" time="0.007" classname="practiceTestNG.SeleniumTestsChrome"/>
  <testcase name="forwardToEmail" time="0.023" classname="practiceTestNG.SeleniumTestsChrome"/>
</testsuite> <!-- practiceTestNG.SeleniumTestsChrome -->
