<?xml version="1.0" encoding="UTF-8"?>
<!-- Generated by org.testng.reporters.JUnitReportReporter -->
<testsuite skipped="0" hostname="DESKTOP-OQ3P6LF" name="practiceTestNG.SeleniumTestsFirefox" tests="2" failures="0" timestamp="15 Oct 2022 04:05:22 GMT" time="0.028" errors="0">
  <testcase name="forwardToEmail" time="0.018" classname="practiceTestNG.SeleniumTestsFirefox"/>
  <testcase name="replyToEmail" time="0.010" classname="practiceTestNG.SeleniumTestsFirefox"/>
</testsuite> <!-- practiceTestNG.SeleniumTestsFirefox -->
