<?xml version="1.0" encoding="UTF-8"?>
<!-- Generated by org.testng.reporters.JUnitReportReporter -->
<testsuite skipped="0" hostname="DESKTOP-OQ3P6LF" name="testScenarios.TestCases" tests="1" failures="0" timestamp="12 Oct 2022 02:47:13 GMT" time="17.433" errors="0">
  <testcase name="bookBusTicketAndPrint" time="17.433" classname="testScenarios.TestCases"/>
</testsuite> <!-- testScenarios.TestCases -->
