<?xml version="1.0" encoding="UTF-8"?>
<!-- Generated by org.testng.reporters.JUnitReportReporter -->
<testsuite skipped="0" hostname="DESKTOP-OQ3P6LF" name="testScenarios.TestCases" tests="1" failures="0" timestamp="15 Oct 2022 03:11:02 GMT" time="21.403" errors="0">
  <testcase name="bookBusTicketAndPrint" time="21.403" classname="testScenarios.TestCases"/>
</testsuite> <!-- testScenarios.TestCases -->
