<?xml version="1.0" encoding="UTF-8"?>
<!-- Generated by org.testng.reporters.JUnitReportReporter -->
<testsuite skipped="0" hostname="DESKTOP-OQ3P6LF" name="practiceTestNG.SkipTestInTestNG" tests="1" failures="0" timestamp="15 Oct 2022 03:56:09 GMT" time="0.040" errors="0">
  <testcase name="testcase3" time="0.040" classname="practiceTestNG.SkipTestInTestNG"/>
</testsuite> <!-- practiceTestNG.SkipTestInTestNG -->
