<?xml version="1.0" encoding="UTF-8"?>
<!-- Generated by org.testng.reporters.JUnitReportReporter -->
<testsuite skipped="0" hostname="DESKTOP-OQ3P6LF" name="practiceTestNG.TestCasesWithoutPriority" tests="7" failures="0" timestamp="15 Oct 2022 03:36:24 GMT" time="0.080" errors="0">
  <testcase name="gtestCase_2" time="0.005" classname="practiceTestNG.TestCasesWithoutPriority"/>
  <testcase name="atestCase_1" time="0.034" classname="practiceTestNG.TestCasesWithoutPriority"/>
  <testcase name="btestCase_3" time="0.006" classname="practiceTestNG.TestCasesWithoutPriority"/>
  <testcase name="ktestCase_5" time="0.018" classname="practiceTestNG.TestCasesWithoutPriority"/>
  <testcase name="ktestCase_4" time="0.008" classname="practiceTestNG.TestCasesWithoutPriority"/>
  <testcase name="ktestCase_6" time="0.004" classname="practiceTestNG.TestCasesWithoutPriority"/>
  <testcase name="ktestCase_7" time="0.005" classname="practiceTestNG.TestCasesWithoutPriority"/>
</testsuite> <!-- practiceTestNG.TestCasesWithoutPriority -->
