<?xml version="1.0" encoding="UTF-8"?>
<!-- Generated by org.testng.reporters.JUnitReportReporter -->
<testsuite skipped="0" hostname="DESKTOP-OQ3P6LF" name="practiceTestNG.TestCasesWithPriority" tests="15" failures="0" timestamp="15 Oct 2022 03:47:24 GMT" time="0.122" errors="0">
  <testcase name="ktestCase_7" time="0.004" classname="practiceTestNG.TestCasesWithPriority"/>
  <testcase name="ktestCase_7" time="0.003" classname="practiceTestNG.TestCasesWithPriority"/>
  <testcase name="ktestCase_7" time="0.044" classname="practiceTestNG.TestCasesWithPriority"/>
  <testcase name="ktestCase_7" time="0.003" classname="practiceTestNG.TestCasesWithPriority"/>
  <testcase name="ktestCase_7" time="0.016" classname="practiceTestNG.TestCasesWithPriority"/>
  <testcase name="ktestCase_7" time="0.005" classname="practiceTestNG.TestCasesWithPriority"/>
  <testcase name="ktestCase_7" time="0.008" classname="practiceTestNG.TestCasesWithPriority"/>
  <testcase name="ktestCase_7" time="0.005" classname="practiceTestNG.TestCasesWithPriority"/>
  <testcase name="ktestCase_7" time="0.003" classname="practiceTestNG.TestCasesWithPriority"/>
  <testcase name="ktestCase_7" time="0.004" classname="practiceTestNG.TestCasesWithPriority"/>
  <testcase name="ktestCase_7" time="0.004" classname="practiceTestNG.TestCasesWithPriority"/>
  <testcase name="ktestCase_7" time="0.004" classname="practiceTestNG.TestCasesWithPriority"/>
  <testcase name="ktestCase_7" time="0.012" classname="practiceTestNG.TestCasesWithPriority"/>
  <testcase name="ktestCase_7" time="0.004" classname="practiceTestNG.TestCasesWithPriority"/>
  <testcase name="ktestCase_7" time="0.003" classname="practiceTestNG.TestCasesWithPriority"/>
</testsuite> <!-- practiceTestNG.TestCasesWithPriority -->
