<?xml version="1.0" encoding="UTF-8"?>
<!-- Generated by org.testng.reporters.JUnitReportReporter -->
<testsuite skipped="0" hostname="DESKTOP-OQ3P6LF" name="practiceTestNG.PracticeTestNG" tests="2" failures="0" timestamp="15 Oct 2022 04:07:51 GMT" time="0.030" errors="0">
  <testcase name="bookCar" time="0.005" classname="practiceTestNG.PracticeTestNG"/>
  <testcase name="bookFlight" time="0.025" classname="practiceTestNG.PracticeTestNG"/>
</testsuite> <!-- practiceTestNG.PracticeTestNG -->
