<?xml version="1.0" encoding="UTF-8"?>
<!-- Generated by org.testng.reporters.JUnitReportReporter -->
<testsuite skipped="0" hostname="DESKTOP-OQ3P6LF" name="practiceTestNG.TestNGPractice" tests="3" failures="0" timestamp="15 Oct 2022 03:51:39 GMT" time="0.038" errors="0">
  <testcase name="replyMail" time="0.003" classname="practiceTestNG.TestNGPractice"/>
  <testcase name="sendMail" time="0.010" classname="practiceTestNG.TestNGPractice"/>
  <testcase name="deleteMail" time="0.025" classname="practiceTestNG.TestNGPractice"/>
</testsuite> <!-- practiceTestNG.TestNGPractice -->
